<?xml version="1.0" encoding="UTF-8"?>
<!-- Generated by org.testng.reporters.JUnitXMLReporter -->
<testsuite ignored="0" hostname="DESKTOP-F1RHDCE" failures="0" tests="3" name="Default test" time="18.544" errors="0" timestamp="2024-01-13T18:01:30 IST">
  <testcase classname="test_cases.GoogleTest" name="test1" time="2.391"/>
  <testcase classname="test_cases.GoogleTest" name="test2" time="0.062"/>
  <testcase classname="test_cases.GoogleTest" name="test3" time="0.097"/>
</testsuite> <!-- Default test -->
