<?xml version="1.0" encoding="UTF-8"?>
<testng-results ignored="0" total="1" passed="1" failed="0" skipped="0">
  <reporter-output>
  </reporter-output>
  <suite started-at="2024-01-15T23:19:17 IST" name="Default suite" finished-at="2024-01-15T23:19:50 IST" duration-ms="32723">
    <groups>
    </groups>
    <test started-at="2024-01-15T23:19:17 IST" name="Default test" finished-at="2024-01-15T23:19:50 IST" duration-ms="32723">
      <class name="test_cases.SpeedTest">
        <test-method is-config="true" signature="setup()[pri:0, instance:test_cases.SpeedTest@4efbca5a]" started-at="2024-01-15T23:19:17 IST" name="setup" finished-at="2024-01-15T23:19:26 IST" duration-ms="8476" status="PASS">
          <reporter-output>
          </reporter-output>
        </test-method> <!-- setup -->
        <test-method signature="test()[pri:0, instance:test_cases.SpeedTest@4efbca5a]" started-at="2024-01-15T23:19:26 IST" name="test" finished-at="2024-01-15T23:19:50 IST" duration-ms="24008" status="PASS">
          <reporter-output>
          </reporter-output>
        </test-method> <!-- test -->
        <test-method is-config="true" signature="tearDown()[pri:0, instance:test_cases.SpeedTest@4efbca5a]" started-at="2024-01-15T23:19:50 IST" name="tearDown" finished-at="2024-01-15T23:19:50 IST" duration-ms="180" status="PASS">
          <reporter-output>
          </reporter-output>
        </test-method> <!-- tearDown -->
      </class> <!-- test_cases.SpeedTest -->
    </test> <!-- Default test -->
  </suite> <!-- Default suite -->
</testng-results>
